Start...
loop1
Test (2A): initial election ...
  ... Passed --   3.1  3  114   33580    0
Test (2A): election after network failure ...
  ... Passed --   4.6  3  242   51246    0
Test (2A): multiple elections ...
  ... Passed --   5.6  7 1248  263498    0
Test (2B): basic agreement ...
  ... Passed --   0.7  3   22    6124    3
Test (2B): RPC byte count ...
  ... Passed --   1.4  3   48  114624   11
Test (2B): agreement after follower reconnects ...
  ... Passed --   5.4  3  216   60624    8
Test (2B): no agreement if too many followers disconnect ...
  ... Passed --   3.4  5  352   77096    3
Test (2B): concurrent Start()s ...
  ... Passed --   0.6  3   18    5238    6
Test (2B): rejoin of partitioned leader ...
  ... Passed --   4.1  3  260   63318    4
Test (2B): leader backs up quickly over incorrect follower logs ...
2022/08/30 11:16:49 3: log map[1:1876137081335998383 2:8808402933429766525 3:5224136075957364722 4:424327047659807038 5:3945546444108538215 6:7662825163663703014 7:7971835684747057991 8:3411633694739997383 9:990426931799329950 10:5547525626371333798 11:4233630247488115010 12:4717034463402196757 13:751114932464632587 14:7550874848254615840 15:6223422223690189234 16:2830433016922752750 17:1327889501665102988 18:4541513667546925817 19:4001284884284471405 20:1733996622789906419 21:3903520532049216531 22:5149235266230533117 23:8477528138897969587 24:2193977332282357974 25:3982673942746813663 26:6361641534060333524 27:4448542392699616974 28:656728391313390405 29:7208511452293591340 30:5218082343224388984 31:4629914327577761664 32:5184573102041650708 33:7253604118921829878 34:3461638736153161190 35:8705367051673204888 36:7315754630094024708 37:8440711021697982146 38:6008089611640007833 39:2176182626658810799 40:7693511623472254809 41:5182081942323070767 42:2368334543295988795 43:2449349425210411389 44:1109628299319910410 45:3702057813942899030 46:7989919311317152253 47:6421903732926529804 48:7169917477335903388 49:3789107276979058120 50:6774524751429376994 51:2093997232278391229]; server map[1:1876137081335998383 2:8808402933429766525 3:5224136075957364722 4:424327047659807038 5:3945546444108538215 6:7662825163663703014 7:7971835684747057991 8:3411633694739997383 9:990426931799329950 10:5547525626371333798 11:4233630247488115010 12:4717034463402196757 13:751114932464632587 14:7550874848254615840 15:6223422223690189234 16:2830433016922752750 17:1327889501665102988 18:4541513667546925817 19:4001284884284471405 20:1733996622789906419 21:3903520532049216531 22:5149235266230533117 23:8477528138897969587 24:2193977332282357974 25:3982673942746813663 26:6361641534060333524 27:4448542392699616974 28:656728391313390405 29:7208511452293591340 30:5218082343224388984 31:4629914327577761664 32:5184573102041650708 33:7253604118921829878 34:3461638736153161190 35:8705367051673204888 36:7315754630094024708 37:8440711021697982146 38:6008089611640007833 39:2176182626658810799 40:7693511623472254809 41:5182081942323070767 42:2368334543295988795 43:2449349425210411389 44:1109628299319910410 45:3702057813942899030 46:7989919311317152253 47:6421903732926529804 48:7169917477335903388 49:3789107276979058120 50:6774524751429376994 51:2093997232278391229 52:9066355507409973973 53:7179190329460490975 54:2884038580150620937 55:763409861970826480 56:1408981162619571776 57:7484772149689690976 58:7849394328301828063 59:7303717078096366048 60:5795373086281409911 61:7564663738799925274 62:6599028331597550219 63:7172920223934374568 64:1049812644816870650 65:6119381382447987383 66:1892141583640787272 67:4878670392534601200 68:543966490108657335 69:3670069822372582349 70:5241540571157941718 71:3978791420602873375 72:6793891421709784395 73:7662871130888651316 74:7838602908310942331 75:3205390259807206748 76:1538191397301701637 77:8015058505600955128 78:166847591595437553 79:49553825287957150 80:7033411832636017130 81:1132670861963783326 82:901885485681948286 83:3466340198926176083 84:3041633381451443835 85:4502803693442021670 86:1300216392219365988 87:6322077555780654306 88:6877434378325806003 89:6543996736758879552 90:7272010968600610562 91:8630231177794045074 92:1924687176829278320 93:1282254227277896731 94:8092639795428488028 95:1659650592806787540 96:4600852660959783368 97:5925630749745826772 98:6842177367799725304 99:5128415455534707887 100:6509412013584038174 101:8811375210409704052]
2022/08/30 11:16:49 3: log map[1:1876137081335998383 2:8808402933429766525 3:5224136075957364722 4:424327047659807038 5:3945546444108538215 6:7662825163663703014 7:7971835684747057991 8:3411633694739997383 9:990426931799329950 10:5547525626371333798 11:4233630247488115010 12:4717034463402196757 13:751114932464632587 14:7550874848254615840 15:6223422223690189234 16:2830433016922752750 17:1327889501665102988 18:4541513667546925817 19:4001284884284471405 20:1733996622789906419 21:3903520532049216531 22:5149235266230533117 23:8477528138897969587 24:2193977332282357974 25:3982673942746813663 26:6361641534060333524 27:4448542392699616974 28:656728391313390405 29:7208511452293591340 30:5218082343224388984 31:4629914327577761664 32:5184573102041650708 33:7253604118921829878 34:3461638736153161190 35:8705367051673204888 36:7315754630094024708 37:8440711021697982146 38:6008089611640007833 39:2176182626658810799 40:7693511623472254809 41:5182081942323070767 42:2368334543295988795 43:2449349425210411389 44:1109628299319910410 45:3702057813942899030 46:7989919311317152253 47:6421903732926529804 48:7169917477335903388 49:3789107276979058120 50:6774524751429376994 51:2093997232278391229]; server map[1:1876137081335998383 2:8808402933429766525 3:5224136075957364722 4:424327047659807038 5:3945546444108538215 6:7662825163663703014 7:7971835684747057991 8:3411633694739997383 9:990426931799329950 10:5547525626371333798 11:4233630247488115010 12:4717034463402196757 13:751114932464632587 14:7550874848254615840 15:6223422223690189234 16:2830433016922752750 17:1327889501665102988 18:4541513667546925817 19:4001284884284471405 20:1733996622789906419 21:3903520532049216531 22:5149235266230533117 23:8477528138897969587 24:2193977332282357974 25:3982673942746813663 26:6361641534060333524 27:4448542392699616974 28:656728391313390405 29:7208511452293591340 30:5218082343224388984 31:4629914327577761664 32:5184573102041650708 33:7253604118921829878 34:3461638736153161190 35:8705367051673204888 36:7315754630094024708 37:8440711021697982146 38:6008089611640007833 39:2176182626658810799 40:7693511623472254809 41:5182081942323070767 42:2368334543295988795 43:2449349425210411389 44:1109628299319910410 45:3702057813942899030 46:7989919311317152253 47:6421903732926529804 48:7169917477335903388 49:3789107276979058120 50:6774524751429376994 51:2093997232278391229 52:9066355507409973973 53:7179190329460490975 54:2884038580150620937 55:763409861970826480 56:1408981162619571776 57:7484772149689690976 58:7849394328301828063 59:7303717078096366048 60:5795373086281409911 61:7564663738799925274 62:6599028331597550219 63:7172920223934374568 64:1049812644816870650 65:6119381382447987383 66:1892141583640787272 67:4878670392534601200 68:543966490108657335 69:3670069822372582349 70:5241540571157941718 71:3978791420602873375 72:6793891421709784395 73:7662871130888651316 74:7838602908310942331 75:3205390259807206748 76:1538191397301701637 77:8015058505600955128 78:166847591595437553 79:49553825287957150 80:7033411832636017130 81:1132670861963783326 82:901885485681948286 83:3466340198926176083 84:3041633381451443835 85:4502803693442021670 86:1300216392219365988 87:6322077555780654306 88:6877434378325806003 89:6543996736758879552 90:7272010968600610562 91:8630231177794045074 92:1924687176829278320 93:1282254227277896731 94:8092639795428488028 95:1659650592806787540 96:4600852660959783368 97:5925630749745826772 98:6842177367799725304 99:5128415455534707887 100:6509412013584038174 101:8811375210409704052]
2022/08/30 11:16:49 3: log map[1:1876137081335998383 2:8808402933429766525 3:5224136075957364722 4:424327047659807038 5:3945546444108538215 6:7662825163663703014 7:7971835684747057991 8:3411633694739997383 9:990426931799329950 10:5547525626371333798 11:4233630247488115010 12:4717034463402196757 13:751114932464632587 14:7550874848254615840 15:6223422223690189234 16:2830433016922752750 17:1327889501665102988 18:4541513667546925817 19:4001284884284471405 20:1733996622789906419 21:3903520532049216531 22:5149235266230533117 23:8477528138897969587 24:2193977332282357974 25:3982673942746813663 26:6361641534060333524 27:4448542392699616974 28:656728391313390405 29:7208511452293591340 30:5218082343224388984 31:4629914327577761664 32:5184573102041650708 33:7253604118921829878 34:3461638736153161190 35:8705367051673204888 36:7315754630094024708 37:8440711021697982146 38:6008089611640007833 39:2176182626658810799 40:7693511623472254809 41:5182081942323070767 42:2368334543295988795 43:2449349425210411389 44:1109628299319910410 45:3702057813942899030 46:7989919311317152253 47:6421903732926529804 48:7169917477335903388 49:3789107276979058120 50:6774524751429376994 51:2093997232278391229]; server map[1:1876137081335998383 2:8808402933429766525 3:5224136075957364722 4:424327047659807038 5:3945546444108538215 6:7662825163663703014 7:7971835684747057991 8:3411633694739997383 9:990426931799329950 10:5547525626371333798 11:4233630247488115010 12:4717034463402196757 13:751114932464632587 14:7550874848254615840 15:6223422223690189234 16:2830433016922752750 17:1327889501665102988 18:4541513667546925817 19:4001284884284471405 20:1733996622789906419 21:3903520532049216531 22:5149235266230533117 23:8477528138897969587 24:2193977332282357974 25:3982673942746813663 26:6361641534060333524 27:4448542392699616974 28:656728391313390405 29:7208511452293591340 30:5218082343224388984 31:4629914327577761664 32:5184573102041650708 33:7253604118921829878 34:3461638736153161190 35:8705367051673204888 36:7315754630094024708 37:8440711021697982146 38:6008089611640007833 39:2176182626658810799 40:7693511623472254809 41:5182081942323070767 42:2368334543295988795 43:2449349425210411389 44:1109628299319910410 45:3702057813942899030 46:7989919311317152253 47:6421903732926529804 48:7169917477335903388 49:3789107276979058120 50:6774524751429376994 51:2093997232278391229 52:9066355507409973973 53:7179190329460490975 54:2884038580150620937 55:763409861970826480 56:1408981162619571776 57:7484772149689690976 58:7849394328301828063 59:7303717078096366048 60:5795373086281409911 61:7564663738799925274 62:6599028331597550219 63:7172920223934374568 64:1049812644816870650 65:6119381382447987383 66:1892141583640787272 67:4878670392534601200 68:543966490108657335 69:3670069822372582349 70:5241540571157941718 71:3978791420602873375 72:6793891421709784395 73:7662871130888651316 74:7838602908310942331 75:3205390259807206748 76:1538191397301701637 77:8015058505600955128 78:166847591595437553 79:49553825287957150 80:7033411832636017130 81:1132670861963783326 82:901885485681948286 83:3466340198926176083 84:3041633381451443835 85:4502803693442021670 86:1300216392219365988 87:6322077555780654306 88:6877434378325806003 89:6543996736758879552 90:7272010968600610562 91:8630231177794045074 92:1924687176829278320 93:1282254227277896731 94:8092639795428488028 95:1659650592806787540 96:4600852660959783368 97:5925630749745826772 98:6842177367799725304 99:5128415455534707887 100:6509412013584038174 101:8811375210409704052]
goroutine 7584 [running]:
runtime/debug.Stack()
	/root/.go/go1.18.3/src/runtime/debug/stack.go:24 +0x72
runtime/debug.PrintStack()
	/root/.go/go1.18.3/src/runtime/debug/stack.go:16 +0x25
pedrogao/distributed/raft.(*config).applier(0xc00013a640, 0x3, 0xc000140d20?)
	/root/workspace/distributed/src/raft/config.go:177 +0x24f
created by pedrogao/distributed/raft.(*config).start1
	/root/workspace/distributed/src/raft/config.go:334 +0xbe6
2022/08/30 11:16:49 apply error: commit index=52 server=3 9177352801174616587 != server=4 9066355507409973973
FAIL	pedrogao/distributed/raft	46.726s
FAIL
loop2
ok  	pedrogao/distributed/raft	371.450s
loop3
ok  	pedrogao/distributed/raft	367.129s
loop4
ok  	pedrogao/distributed/raft	371.185s
loop5
ok  	pedrogao/distributed/raft	373.364s
loop6
ok  	pedrogao/distributed/raft	356.821s
loop7
